<?xml version="1.0" encoding="UTF-8"?>
<!-- Generated by org.testng.reporters.JUnitXMLReporter -->
<testsuite ignored="0" hostname="LAPTOP-9CTQ7N0R" failures="0" tests="1" name="Default test" time="0.043" errors="0" timestamp="2020-09-01T10:27:40 IST">
  <testcase classname="framework.javaframework.MyStoresTest" name="@BeforeSuite createTestReultFolder" time="-1.598936259947E9">
    <failure type="org.testng.TestNGException" message="
Can inject only one of &amp;lt;ITestContext, XmlTest&amp;gt; into a @BeforeSuite annotated createTestReultFolder.
For more information on native dependency injection please refer to https://testng.org/doc/documentation-main.html#native-dependency-injection">
      <![CDATA[org.testng.TestNGException: 
Can inject only one of <ITestContext, XmlTest> into a @BeforeSuite annotated createTestReultFolder.
For more information on native dependency injection please refer to https://testng.org/doc/documentation-main.html#native-dependency-injection
at org.testng.internal.Parameters.checkParameterTypes(Parameters.java:437)
at org.testng.internal.Parameters.createParametersForMethod(Parameters.java:351)
at org.testng.internal.Parameters.createParameters(Parameters.java:708)
at org.testng.internal.Parameters.createConfigurationParameters(Parameters.java:166)
at org.testng.internal.ConfigInvoker.invokeConfigurations(ConfigInvoker.java:301)
at org.testng.SuiteRunner.privateRun(SuiteRunner.java:327)
at org.testng.SuiteRunner.run(SuiteRunner.java:286)
at org.testng.SuiteRunnerWorker.runSuite(SuiteRunnerWorker.java:53)
at org.testng.SuiteRunnerWorker.run(SuiteRunnerWorker.java:96)
at org.testng.TestNG.runSuitesSequentially(TestNG.java:1218)
at org.testng.TestNG.runSuitesLocally(TestNG.java:1140)
at org.testng.TestNG.runSuites(TestNG.java:1069)
at org.testng.TestNG.run(TestNG.java:1037)
at org.testng.remote.AbstractRemoteTestNG.run(AbstractRemoteTestNG.java:115)
at org.testng.remote.RemoteTestNG.initAndRun(RemoteTestNG.java:251)
at org.testng.remote.RemoteTestNG.main(RemoteTestNG.java:77)
]]>
    </failure>
  </testcase> <!-- @BeforeSuite createTestReultFolder -->
  <testcase classname="framework.javaframework.MyStoresTest" name="@BeforeMethod fnLaunchBrowser" time="-1.598936259987E9">
    <skipped/>
  </testcase> <!-- @BeforeMethod fnLaunchBrowser -->
  <testcase classname="framework.javaframework.MyStoresTest" name="@AfterClass closeBrowsers" time="-1.598936259997E9">
    <skipped/>
  </testcase> <!-- @AfterClass closeBrowsers -->
  <testcase classname="framework.javaframework.MyStoresTest" name="fnCreateNewAccoount" time="0.0">
    <skipped/>
  </testcase> <!-- fnCreateNewAccoount -->
</testsuite> <!-- Default test -->
