<?xml version="1.0" encoding="UTF-8"?>
<!-- Generated by org.testng.reporters.JUnitXMLReporter -->
<testsuite ignored="0" hostname="LAPTOP-9CTQ7N0R" failures="1" tests="2" name="Test" time="166.516" errors="0" timestamp="2020-09-01T23:44:19 IST">
  <testcase classname="framework.javaframework.MyStoresTest" name="fnCreateNewAccoount" time="29.349"/>
  <testcase classname="framework.javaframework.MyStoresTest" name="fnRegisterNewUser" time="59.667">
    <failure type="java.lang.ClassCastException" message="class java.util.ArrayList cannot be cast to class org.openqa.selenium.WebElement (java.util.ArrayList is in module java.base of loader &amp;apos;bootstrap&amp;apos;; org.openqa.selenium.WebElement is in unnamed module of loader &amp;apos;app&amp;apos;)">
      <![CDATA[java.lang.ClassCastException: class java.util.ArrayList cannot be cast to class org.openqa.selenium.WebElement (java.util.ArrayList is in module java.base of loader 'bootstrap'; org.openqa.selenium.WebElement is in unnamed module of loader 'app')
at resuableMethods.HelperMethods.SelectDropdwonByValue(HelperMethods.java:67)
at framework.javaframework.MyStoresTest.fnRegisterNewUser(MyStoresTest.java:88)
at java.base/java.util.ArrayList.forEach(ArrayList.java:1511)
... Removed 27 stack frames]]>
    </failure>
  </testcase> <!-- fnRegisterNewUser -->
</testsuite> <!-- Test -->
