<?xml version="1.0" encoding="UTF-8"?>
<testng-results ignored="0" total="2" passed="2" failed="0" skipped="0">
  <reporter-output>
  </reporter-output>
  <suite started-at="2020-09-02T11:01:15 IST" name="Suite" finished-at="2020-09-02T11:01:43 IST" duration-ms="27602">
    <groups>
    </groups>
    <test started-at="2020-09-02T11:01:15 IST" name="Test" finished-at="2020-09-02T11:01:43 IST" duration-ms="27602">
      <class name="framework.javaframework.MyStoresTest">
        <test-method is-config="true" signature="fncreateTestReultFolder()[pri:0, instance:framework.javaframework.MyStoresTest@5ad851c9]" started-at="2020-09-02T11:01:15 IST" name="fncreateTestReultFolder" finished-at="2020-09-02T11:01:15 IST" duration-ms="24" status="PASS">
          <reporter-output>
          </reporter-output>
        </test-method> <!-- fncreateTestReultFolder -->
        <test-method is-config="true" signature="fnLaunchBrowser(java.lang.String)[pri:0, instance:framework.javaframework.MyStoresTest@5ad851c9]" started-at="2020-09-02T11:01:15 IST" name="fnLaunchBrowser" finished-at="2020-09-02T11:01:25 IST" duration-ms="10291" status="PASS">
          <params>
            <param index="0">
              <value>
                <![CDATA[http://automationpractice.com/index.php]]>
              </value>
            </param>
          </params>
          <reporter-output>
          </reporter-output>
        </test-method> <!-- fnLaunchBrowser -->
        <test-method signature="fnCreateNewAccoount(java.lang.String)[pri:0, instance:framework.javaframework.MyStoresTest@5ad851c9]" started-at="2020-09-02T11:01:25 IST" name="fnCreateNewAccoount" data-provider="validUserID" finished-at="2020-09-02T11:01:29 IST" duration-ms="3659" status="PASS">
          <params>
            <param index="0">
              <value>
                <![CDATA[aramacha@test.com]]>
              </value>
            </param>
          </params>
          <reporter-output>
          </reporter-output>
        </test-method> <!-- fnCreateNewAccoount -->
        <test-method signature="fnRegisterNewUser(java.lang.String, java.lang.String, java.lang.String, int, java.lang.String, java.lang.String)[pri:0, instance:framework.javaframework.MyStoresTest@5ad851c9]" started-at="2020-09-02T11:01:29 IST" name="fnRegisterNewUser" data-provider="getregisterUserValues" finished-at="2020-09-02T11:01:42 IST" depends-on-methods="framework.javaframework.MyStoresTest.fnCreateNewAccoount" duration-ms="12975" status="PASS">
          <params>
            <param index="0">
              <value>
                <![CDATA[FIRSTTES]]>
              </value>
            </param>
            <param index="1">
              <value>
                <![CDATA[LASTTEST]]>
              </value>
            </param>
            <param index="2">
              <value>
                <![CDATA[Tester12!]]>
              </value>
            </param>
            <param index="3">
              <value>
                <![CDATA[20]]>
              </value>
            </param>
            <param index="4">
              <value>
                <![CDATA[May]]>
              </value>
            </param>
            <param index="5">
              <value>
                <![CDATA[1993]]>
              </value>
            </param>
          </params>
          <reporter-output>
          </reporter-output>
        </test-method> <!-- fnRegisterNewUser -->
        <test-method is-config="true" signature="closeBrowsers()[pri:0, instance:framework.javaframework.MyStoresTest@5ad851c9]" started-at="2020-09-02T11:01:42 IST" name="closeBrowsers" finished-at="2020-09-02T11:01:43 IST" duration-ms="645" status="PASS">
          <reporter-output>
          </reporter-output>
        </test-method> <!-- closeBrowsers -->
      </class> <!-- framework.javaframework.MyStoresTest -->
    </test> <!-- Test -->
  </suite> <!-- Suite -->
</testng-results>
