<?xml version="1.0" encoding="UTF-8"?>
<testng-results ignored="0" total="2" passed="2" failed="0" skipped="0">
  <reporter-output>
  </reporter-output>
  <suite started-at="2020-09-07T22:04:55 IST" name="Suite" finished-at="2020-09-07T22:05:31 IST" duration-ms="35761">
    <groups>
    </groups>
    <test started-at="2020-09-07T22:04:55 IST" name="Test" finished-at="2020-09-07T22:05:31 IST" duration-ms="35761">
      <class name="framework.javaframework.MyStoresTest">
        <test-method is-config="true" signature="fncreateTestReultFolder()[pri:0, instance:framework.javaframework.MyStoresTest@3967e60c]" started-at="2020-09-07T22:04:55 IST" name="fncreateTestReultFolder" finished-at="2020-09-07T22:04:55 IST" duration-ms="37" status="PASS">
          <reporter-output>
          </reporter-output>
        </test-method> <!-- fncreateTestReultFolder -->
        <test-method is-config="true" signature="fnLaunchBrowser(java.lang.String)[pri:0, instance:framework.javaframework.MyStoresTest@3967e60c]" started-at="2020-09-07T22:04:55 IST" name="fnLaunchBrowser" finished-at="2020-09-07T22:05:10 IST" duration-ms="14613" status="PASS">
          <params>
            <param index="0">
              <value>
                <![CDATA[http://automationpractice.com/index.php]]>
              </value>
            </param>
          </params>
          <reporter-output>
          </reporter-output>
        </test-method> <!-- fnLaunchBrowser -->
        <test-method signature="fnCreateNewAccoount(java.lang.String)[pri:0, instance:framework.javaframework.MyStoresTest@3967e60c]" started-at="2020-09-07T22:05:10 IST" name="fnCreateNewAccoount" data-provider="validUserID" finished-at="2020-09-07T22:05:17 IST" duration-ms="6724" status="PASS">
          <params>
            <param index="0">
              <value>
                <![CDATA[aramacha@test.com]]>
              </value>
            </param>
          </params>
          <reporter-output>
          </reporter-output>
        </test-method> <!-- fnCreateNewAccoount -->
        <test-method signature="printdata(java.lang.String, java.lang.String, java.lang.String, java.lang.String, java.lang.String, java.lang.String, java.lang.String, java.lang.String, java.lang.String)[pri:0, instance:framework.javaframework.MyStoresTest@3967e60c]" started-at="2020-09-07T22:05:18 IST" name="printdata" data-provider="getRegistrationdata" finished-at="2020-09-07T22:05:30 IST" depends-on-methods="framework.javaframework.MyStoresTest.fnCreateNewAccoount" duration-ms="12647" status="PASS">
          <params>
            <param index="0">
              <value>
                <![CDATA[aramacha@test.com]]>
              </value>
            </param>
            <param index="1">
              <value>
                <![CDATA[Anbarasu]]>
              </value>
            </param>
            <param index="2">
              <value>
                <![CDATA[R]]>
              </value>
            </param>
            <param index="3">
              <value>
                <![CDATA[aramacha@test.com]]>
              </value>
            </param>
            <param index="4">
              <value>
                <![CDATA[Male]]>
              </value>
            </param>
            <param index="5">
              <value>
                <![CDATA[20]]>
              </value>
            </param>
            <param index="6">
              <value>
                <![CDATA[May]]>
              </value>
            </param>
            <param index="7">
              <value>
                <![CDATA[1993]]>
              </value>
            </param>
            <param index="8">
              <value>
                <![CDATA[Tester12!]]>
              </value>
            </param>
          </params>
          <reporter-output>
          </reporter-output>
        </test-method> <!-- printdata -->
        <test-method is-config="true" signature="closeBrowsers()[pri:0, instance:framework.javaframework.MyStoresTest@3967e60c]" started-at="2020-09-07T22:05:30 IST" name="closeBrowsers" finished-at="2020-09-07T22:05:31 IST" duration-ms="649" status="PASS">
          <reporter-output>
          </reporter-output>
        </test-method> <!-- closeBrowsers -->
      </class> <!-- framework.javaframework.MyStoresTest -->
    </test> <!-- Test -->
  </suite> <!-- Suite -->
</testng-results>
